<?xml version="1.0" encoding="UTF-8"?>
<!-- Generated by org.testng.reporters.JUnitXMLReporter -->
<testsuite hostname="Chitra" ignored="0" name="Test(failed)" tests="1" failures="1" timestamp="2022-04-03T17:40:30 PDT" time="10.285" errors="0">
  <testcase name="test_accout_Registration" time="5.237" classname="testCases.TC_001_AccountRegistration">
    <failure type="java.lang.AssertionError" message="expected [true] but found [false]">
      <![CDATA[java.lang.AssertionError: expected [true] but found [false]
at testCases.TC_001_AccountRegistration.test_accout_Registration(TC_001_AccountRegistration.java:68)
at java.util.ArrayList.forEach(Unknown Source)
... Removed 31 stack frames]]>
    </failure>
  </testcase> <!-- test_accout_Registration -->
</testsuite> <!-- Test(failed) -->
